[INFO] [12:16:34.111] [JavaFX Application Thread] [] com.zzg.mybatis.generator.util.ConnectionManager.getConnection:20 --> database FilePath :D:\JavaProject\transactionTest\transaction\.\config\sqlite3.db
[INFO] [12:16:56.362] [JavaFX Application Thread] [] com.zzg.mybatis.generator.util.ConnectionManager.getConnection:20 --> database FilePath :D:\JavaProject\transactionTest\transaction\.\config\sqlite3.db
[INFO] [12:16:56.363] [JavaFX Application Thread] [] com.zzg.mybatis.generator.util.ConfigHelper.loadGeneratorConfigs:182 --> sql: SELECT * FROM generator_config
[INFO] [12:18:04.897] [JavaFX Application Thread] [] com.zzg.mybatis.generator.util.ConnectionManager.getConnection:20 --> database FilePath :D:\JavaProject\transactionTest\transaction\.\config\sqlite3.db
[INFO] [12:18:05.110] [JavaFX Application Thread] [] com.zzg.mybatis.generator.util.ConnectionManager.getConnection:20 --> database FilePath :D:\JavaProject\transactionTest\transaction\.\config\sqlite3.db
[INFO] [12:18:06.514] [JavaFX Application Thread] [] com.zzg.mybatis.generator.util.ConfigHelper.getAllJDBCDriverJarPaths:238 --> jar lib path: D:\JavaProject\transactionTest\transaction\src\main\resources\lib
[ERROR] [12:18:06.517] [JavaFX Application Thread] [] com.zzg.mybatis.generator.util.DbUtil.loadDbDriver:225 --> load driver error
java.lang.ClassNotFoundException: com.mysql.jdbc.Driver
	at java.net.URLClassLoader.findClass(URLClassLoader.java:381) ~[na:1.8.0_60]
	at java.lang.ClassLoader.loadClass(ClassLoader.java:424) ~[na:1.8.0_60]
	at java.lang.ClassLoader.loadClass(ClassLoader.java:357) ~[na:1.8.0_60]
	at java.lang.Class.forName0(Native Method) ~[na:1.8.0_60]
	at java.lang.Class.forName(Class.java:348) ~[na:1.8.0_60]
	at com.zzg.mybatis.generator.util.DbUtil.loadDbDriver(DbUtil.java:220) [classes/:na]
	at com.zzg.mybatis.generator.util.DbUtil.getConnection(DbUtil.java:122) [classes/:na]
	at com.zzg.mybatis.generator.util.DbUtil.getTableNames(DbUtil.java:140) [classes/:na]
	at com.zzg.mybatis.generator.controller.MainUIController.lambda$null$9(MainUIController.java:191) [classes/:na]
	at com.sun.javafx.event.CompositeEventHandler$NormalEventHandlerRecord.handleBubblingEvent(CompositeEventHandler.java:218) ~[jfxrt.jar:na]
	at com.sun.javafx.event.CompositeEventHandler.dispatchBubblingEvent(CompositeEventHandler.java:80) ~[jfxrt.jar:na]
	at com.sun.javafx.event.EventHandlerManager.dispatchBubblingEvent(EventHandlerManager.java:238) ~[jfxrt.jar:na]
	at com.sun.javafx.event.EventHandlerManager.dispatchBubblingEvent(EventHandlerManager.java:191) ~[jfxrt.jar:na]
	at com.sun.javafx.event.CompositeEventDispatcher.dispatchBubblingEvent(CompositeEventDispatcher.java:59) ~[jfxrt.jar:na]
	at com.sun.javafx.event.BasicEventDispatcher.dispatchEvent(BasicEventDispatcher.java:58) ~[jfxrt.jar:na]
	at com.sun.javafx.event.EventDispatchChainImpl.dispatchEvent(EventDispatchChainImpl.java:114) ~[jfxrt.jar:na]
	at com.sun.javafx.event.BasicEventDispatcher.dispatchEvent(BasicEventDispatcher.java:56) ~[jfxrt.jar:na]
	at com.sun.javafx.event.EventDispatchChainImpl.dispatchEvent(EventDispatchChainImpl.java:114) ~[jfxrt.jar:na]
	at com.sun.javafx.event.BasicEventDispatcher.dispatchEvent(BasicEventDispatcher.java:56) ~[jfxrt.jar:na]
	at com.sun.javafx.event.EventDispatchChainImpl.dispatchEvent(EventDispatchChainImpl.java:114) ~[jfxrt.jar:na]
	at com.sun.javafx.event.BasicEventDispatcher.dispatchEvent(BasicEventDispatcher.java:56) ~[jfxrt.jar:na]
	at com.sun.javafx.event.EventDispatchChainImpl.dispatchEvent(EventDispatchChainImpl.java:114) ~[jfxrt.jar:na]
	at com.sun.javafx.event.BasicEventDispatcher.dispatchEvent(BasicEventDispatcher.java:56) ~[jfxrt.jar:na]
	at com.sun.javafx.event.EventDispatchChainImpl.dispatchEvent(EventDispatchChainImpl.java:114) ~[jfxrt.jar:na]
	at com.sun.javafx.event.BasicEventDispatcher.dispatchEvent(BasicEventDispatcher.java:56) ~[jfxrt.jar:na]
	at com.sun.javafx.event.EventDispatchChainImpl.dispatchEvent(EventDispatchChainImpl.java:114) ~[jfxrt.jar:na]
	at com.sun.javafx.event.EventUtil.fireEventImpl(EventUtil.java:74) ~[jfxrt.jar:na]
	at com.sun.javafx.event.EventUtil.fireEvent(EventUtil.java:54) ~[jfxrt.jar:na]
	at javafx.event.Event.fireEvent(Event.java:198) ~[jfxrt.jar:na]
	at javafx.scene.Scene$ClickGenerator.postProcess(Scene.java:3470) ~[jfxrt.jar:na]
	at javafx.scene.Scene$ClickGenerator.access$8100(Scene.java:3398) ~[jfxrt.jar:na]
	at javafx.scene.Scene$MouseHandler.process(Scene.java:3766) ~[jfxrt.jar:na]
	at javafx.scene.Scene$MouseHandler.access$1500(Scene.java:3485) ~[jfxrt.jar:na]
	at javafx.scene.Scene.impl_processMouseEvent(Scene.java:1762) ~[jfxrt.jar:na]
	at javafx.scene.Scene$ScenePeerListener.mouseEvent(Scene.java:2494) ~[jfxrt.jar:na]
	at com.sun.javafx.tk.quantum.GlassViewEventHandler$MouseEventNotification.run(GlassViewEventHandler.java:352) ~[jfxrt.jar:na]
	at com.sun.javafx.tk.quantum.GlassViewEventHandler$MouseEventNotification.run(GlassViewEventHandler.java:275) ~[jfxrt.jar:na]
	at java.security.AccessController.doPrivileged(Native Method) ~[na:1.8.0_60]
	at com.sun.javafx.tk.quantum.GlassViewEventHandler.lambda$handleMouseEvent$355(GlassViewEventHandler.java:388) ~[jfxrt.jar:na]
	at com.sun.javafx.tk.quantum.QuantumToolkit.runWithoutRenderLock(QuantumToolkit.java:389) ~[jfxrt.jar:na]
	at com.sun.javafx.tk.quantum.GlassViewEventHandler.handleMouseEvent(GlassViewEventHandler.java:387) ~[jfxrt.jar:na]
	at com.sun.glass.ui.View.handleMouseEvent(View.java:555) ~[jfxrt.jar:na]
	at com.sun.glass.ui.View.notifyMouse(View.java:937) ~[jfxrt.jar:na]
	at com.sun.glass.ui.win.WinApplication._runLoop(Native Method) ~[jfxrt.jar:na]
	at com.sun.glass.ui.win.WinApplication.lambda$null$149(WinApplication.java:191) ~[jfxrt.jar:na]
	at java.lang.Thread.run(Thread.java:745) ~[na:1.8.0_60]
[ERROR] [12:18:06.517] [JavaFX Application Thread] [] com.zzg.mybatis.generator.controller.MainUIController.lambda$null$9:209 --> 找不到mysql-connector-java-5.1.38.jar驱动
com.zzg.mybatis.generator.exception.DbDriverLoadingException: 找不到mysql-connector-java-5.1.38.jar驱动
	at com.zzg.mybatis.generator.util.DbUtil.loadDbDriver(DbUtil.java:226) ~[classes/:na]
	at com.zzg.mybatis.generator.util.DbUtil.getConnection(DbUtil.java:122) ~[classes/:na]
	at com.zzg.mybatis.generator.util.DbUtil.getTableNames(DbUtil.java:140) ~[classes/:na]
	at com.zzg.mybatis.generator.controller.MainUIController.lambda$null$9(MainUIController.java:191) ~[classes/:na]
	at com.sun.javafx.event.CompositeEventHandler$NormalEventHandlerRecord.handleBubblingEvent(CompositeEventHandler.java:218) ~[jfxrt.jar:na]
	at com.sun.javafx.event.CompositeEventHandler.dispatchBubblingEvent(CompositeEventHandler.java:80) ~[jfxrt.jar:na]
	at com.sun.javafx.event.EventHandlerManager.dispatchBubblingEvent(EventHandlerManager.java:238) ~[jfxrt.jar:na]
	at com.sun.javafx.event.EventHandlerManager.dispatchBubblingEvent(EventHandlerManager.java:191) ~[jfxrt.jar:na]
	at com.sun.javafx.event.CompositeEventDispatcher.dispatchBubblingEvent(CompositeEventDispatcher.java:59) ~[jfxrt.jar:na]
	at com.sun.javafx.event.BasicEventDispatcher.dispatchEvent(BasicEventDispatcher.java:58) ~[jfxrt.jar:na]
	at com.sun.javafx.event.EventDispatchChainImpl.dispatchEvent(EventDispatchChainImpl.java:114) ~[jfxrt.jar:na]
	at com.sun.javafx.event.BasicEventDispatcher.dispatchEvent(BasicEventDispatcher.java:56) ~[jfxrt.jar:na]
	at com.sun.javafx.event.EventDispatchChainImpl.dispatchEvent(EventDispatchChainImpl.java:114) ~[jfxrt.jar:na]
	at com.sun.javafx.event.BasicEventDispatcher.dispatchEvent(BasicEventDispatcher.java:56) ~[jfxrt.jar:na]
	at com.sun.javafx.event.EventDispatchChainImpl.dispatchEvent(EventDispatchChainImpl.java:114) ~[jfxrt.jar:na]
	at com.sun.javafx.event.BasicEventDispatcher.dispatchEvent(BasicEventDispatcher.java:56) ~[jfxrt.jar:na]
	at com.sun.javafx.event.EventDispatchChainImpl.dispatchEvent(EventDispatchChainImpl.java:114) ~[jfxrt.jar:na]
	at com.sun.javafx.event.BasicEventDispatcher.dispatchEvent(BasicEventDispatcher.java:56) ~[jfxrt.jar:na]
	at com.sun.javafx.event.EventDispatchChainImpl.dispatchEvent(EventDispatchChainImpl.java:114) ~[jfxrt.jar:na]
	at com.sun.javafx.event.BasicEventDispatcher.dispatchEvent(BasicEventDispatcher.java:56) ~[jfxrt.jar:na]
	at com.sun.javafx.event.EventDispatchChainImpl.dispatchEvent(EventDispatchChainImpl.java:114) ~[jfxrt.jar:na]
	at com.sun.javafx.event.EventUtil.fireEventImpl(EventUtil.java:74) ~[jfxrt.jar:na]
	at com.sun.javafx.event.EventUtil.fireEvent(EventUtil.java:54) ~[jfxrt.jar:na]
	at javafx.event.Event.fireEvent(Event.java:198) ~[jfxrt.jar:na]
	at javafx.scene.Scene$ClickGenerator.postProcess(Scene.java:3470) ~[jfxrt.jar:na]
	at javafx.scene.Scene$ClickGenerator.access$8100(Scene.java:3398) ~[jfxrt.jar:na]
	at javafx.scene.Scene$MouseHandler.process(Scene.java:3766) ~[jfxrt.jar:na]
	at javafx.scene.Scene$MouseHandler.access$1500(Scene.java:3485) ~[jfxrt.jar:na]
	at javafx.scene.Scene.impl_processMouseEvent(Scene.java:1762) ~[jfxrt.jar:na]
	at javafx.scene.Scene$ScenePeerListener.mouseEvent(Scene.java:2494) ~[jfxrt.jar:na]
	at com.sun.javafx.tk.quantum.GlassViewEventHandler$MouseEventNotification.run(GlassViewEventHandler.java:352) ~[jfxrt.jar:na]
	at com.sun.javafx.tk.quantum.GlassViewEventHandler$MouseEventNotification.run(GlassViewEventHandler.java:275) ~[jfxrt.jar:na]
	at java.security.AccessController.doPrivileged(Native Method) ~[na:1.8.0_60]
	at com.sun.javafx.tk.quantum.GlassViewEventHandler.lambda$handleMouseEvent$355(GlassViewEventHandler.java:388) ~[jfxrt.jar:na]
	at com.sun.javafx.tk.quantum.QuantumToolkit.runWithoutRenderLock(QuantumToolkit.java:389) ~[jfxrt.jar:na]
	at com.sun.javafx.tk.quantum.GlassViewEventHandler.handleMouseEvent(GlassViewEventHandler.java:387) ~[jfxrt.jar:na]
	at com.sun.glass.ui.View.handleMouseEvent(View.java:555) ~[jfxrt.jar:na]
	at com.sun.glass.ui.View.notifyMouse(View.java:937) ~[jfxrt.jar:na]
	at com.sun.glass.ui.win.WinApplication._runLoop(Native Method) ~[jfxrt.jar:na]
	at com.sun.glass.ui.win.WinApplication.lambda$null$149(WinApplication.java:191) ~[jfxrt.jar:na]
	at java.lang.Thread.run(Thread.java:745) ~[na:1.8.0_60]
[INFO] [12:18:30.642] [JavaFX Application Thread] [] com.zzg.mybatis.generator.util.ConfigHelper.getAllJDBCDriverJarPaths:238 --> jar lib path: D:\JavaProject\transactionTest\transaction\src\main\resources\lib
[ERROR] [12:18:30.643] [JavaFX Application Thread] [] com.zzg.mybatis.generator.util.DbUtil.loadDbDriver:225 --> load driver error
java.lang.ClassNotFoundException: com.mysql.jdbc.Driver
	at java.net.URLClassLoader.findClass(URLClassLoader.java:381) ~[na:1.8.0_60]
	at java.lang.ClassLoader.loadClass(ClassLoader.java:424) ~[na:1.8.0_60]
	at java.lang.ClassLoader.loadClass(ClassLoader.java:357) ~[na:1.8.0_60]
	at java.lang.Class.forName0(Native Method) ~[na:1.8.0_60]
	at java.lang.Class.forName(Class.java:348) ~[na:1.8.0_60]
	at com.zzg.mybatis.generator.util.DbUtil.loadDbDriver(DbUtil.java:220) [classes/:na]
	at com.zzg.mybatis.generator.util.DbUtil.getConnection(DbUtil.java:122) [classes/:na]
	at com.zzg.mybatis.generator.util.DbUtil.getTableNames(DbUtil.java:140) [classes/:na]
	at com.zzg.mybatis.generator.controller.MainUIController.lambda$null$9(MainUIController.java:191) [classes/:na]
	at com.sun.javafx.event.CompositeEventHandler$NormalEventHandlerRecord.handleBubblingEvent(CompositeEventHandler.java:218) ~[jfxrt.jar:na]
	at com.sun.javafx.event.CompositeEventHandler.dispatchBubblingEvent(CompositeEventHandler.java:80) ~[jfxrt.jar:na]
	at com.sun.javafx.event.EventHandlerManager.dispatchBubblingEvent(EventHandlerManager.java:238) ~[jfxrt.jar:na]
	at com.sun.javafx.event.EventHandlerManager.dispatchBubblingEvent(EventHandlerManager.java:191) ~[jfxrt.jar:na]
	at com.sun.javafx.event.CompositeEventDispatcher.dispatchBubblingEvent(CompositeEventDispatcher.java:59) ~[jfxrt.jar:na]
	at com.sun.javafx.event.BasicEventDispatcher.dispatchEvent(BasicEventDispatcher.java:58) ~[jfxrt.jar:na]
	at com.sun.javafx.event.EventDispatchChainImpl.dispatchEvent(EventDispatchChainImpl.java:114) ~[jfxrt.jar:na]
	at com.sun.javafx.event.BasicEventDispatcher.dispatchEvent(BasicEventDispatcher.java:56) ~[jfxrt.jar:na]
	at com.sun.javafx.event.EventDispatchChainImpl.dispatchEvent(EventDispatchChainImpl.java:114) ~[jfxrt.jar:na]
	at com.sun.javafx.event.BasicEventDispatcher.dispatchEvent(BasicEventDispatcher.java:56) ~[jfxrt.jar:na]
	at com.sun.javafx.event.EventDispatchChainImpl.dispatchEvent(EventDispatchChainImpl.java:114) ~[jfxrt.jar:na]
	at com.sun.javafx.event.BasicEventDispatcher.dispatchEvent(BasicEventDispatcher.java:56) ~[jfxrt.jar:na]
	at com.sun.javafx.event.EventDispatchChainImpl.dispatchEvent(EventDispatchChainImpl.java:114) ~[jfxrt.jar:na]
	at com.sun.javafx.event.BasicEventDispatcher.dispatchEvent(BasicEventDispatcher.java:56) ~[jfxrt.jar:na]
	at com.sun.javafx.event.EventDispatchChainImpl.dispatchEvent(EventDispatchChainImpl.java:114) ~[jfxrt.jar:na]
	at com.sun.javafx.event.BasicEventDispatcher.dispatchEvent(BasicEventDispatcher.java:56) ~[jfxrt.jar:na]
	at com.sun.javafx.event.EventDispatchChainImpl.dispatchEvent(EventDispatchChainImpl.java:114) ~[jfxrt.jar:na]
	at com.sun.javafx.event.EventUtil.fireEventImpl(EventUtil.java:74) ~[jfxrt.jar:na]
	at com.sun.javafx.event.EventUtil.fireEvent(EventUtil.java:54) ~[jfxrt.jar:na]
	at javafx.event.Event.fireEvent(Event.java:198) ~[jfxrt.jar:na]
	at javafx.scene.Scene$ClickGenerator.postProcess(Scene.java:3470) ~[jfxrt.jar:na]
	at javafx.scene.Scene$ClickGenerator.access$8100(Scene.java:3398) ~[jfxrt.jar:na]
	at javafx.scene.Scene$MouseHandler.process(Scene.java:3766) ~[jfxrt.jar:na]
	at javafx.scene.Scene$MouseHandler.access$1500(Scene.java:3485) ~[jfxrt.jar:na]
	at javafx.scene.Scene.impl_processMouseEvent(Scene.java:1762) ~[jfxrt.jar:na]
	at javafx.scene.Scene$ScenePeerListener.mouseEvent(Scene.java:2494) ~[jfxrt.jar:na]
	at com.sun.javafx.tk.quantum.GlassViewEventHandler$MouseEventNotification.run(GlassViewEventHandler.java:352) ~[jfxrt.jar:na]
	at com.sun.javafx.tk.quantum.GlassViewEventHandler$MouseEventNotification.run(GlassViewEventHandler.java:275) ~[jfxrt.jar:na]
	at java.security.AccessController.doPrivileged(Native Method) ~[na:1.8.0_60]
	at com.sun.javafx.tk.quantum.GlassViewEventHandler.lambda$handleMouseEvent$355(GlassViewEventHandler.java:388) ~[jfxrt.jar:na]
	at com.sun.javafx.tk.quantum.QuantumToolkit.runWithoutRenderLock(QuantumToolkit.java:389) ~[jfxrt.jar:na]
	at com.sun.javafx.tk.quantum.GlassViewEventHandler.handleMouseEvent(GlassViewEventHandler.java:387) ~[jfxrt.jar:na]
	at com.sun.glass.ui.View.handleMouseEvent(View.java:555) ~[jfxrt.jar:na]
	at com.sun.glass.ui.View.notifyMouse(View.java:937) ~[jfxrt.jar:na]
	at com.sun.glass.ui.win.WinApplication._runLoop(Native Method) ~[jfxrt.jar:na]
	at com.sun.glass.ui.win.WinApplication.lambda$null$149(WinApplication.java:191) ~[jfxrt.jar:na]
	at java.lang.Thread.run(Thread.java:745) ~[na:1.8.0_60]
[ERROR] [12:18:30.644] [JavaFX Application Thread] [] com.zzg.mybatis.generator.controller.MainUIController.lambda$null$9:209 --> 找不到mysql-connector-java-5.1.38.jar驱动
com.zzg.mybatis.generator.exception.DbDriverLoadingException: 找不到mysql-connector-java-5.1.38.jar驱动
	at com.zzg.mybatis.generator.util.DbUtil.loadDbDriver(DbUtil.java:226) ~[classes/:na]
	at com.zzg.mybatis.generator.util.DbUtil.getConnection(DbUtil.java:122) ~[classes/:na]
	at com.zzg.mybatis.generator.util.DbUtil.getTableNames(DbUtil.java:140) ~[classes/:na]
	at com.zzg.mybatis.generator.controller.MainUIController.lambda$null$9(MainUIController.java:191) ~[classes/:na]
	at com.sun.javafx.event.CompositeEventHandler$NormalEventHandlerRecord.handleBubblingEvent(CompositeEventHandler.java:218) ~[jfxrt.jar:na]
	at com.sun.javafx.event.CompositeEventHandler.dispatchBubblingEvent(CompositeEventHandler.java:80) ~[jfxrt.jar:na]
	at com.sun.javafx.event.EventHandlerManager.dispatchBubblingEvent(EventHandlerManager.java:238) ~[jfxrt.jar:na]
	at com.sun.javafx.event.EventHandlerManager.dispatchBubblingEvent(EventHandlerManager.java:191) ~[jfxrt.jar:na]
	at com.sun.javafx.event.CompositeEventDispatcher.dispatchBubblingEvent(CompositeEventDispatcher.java:59) ~[jfxrt.jar:na]
	at com.sun.javafx.event.BasicEventDispatcher.dispatchEvent(BasicEventDispatcher.java:58) ~[jfxrt.jar:na]
	at com.sun.javafx.event.EventDispatchChainImpl.dispatchEvent(EventDispatchChainImpl.java:114) ~[jfxrt.jar:na]
	at com.sun.javafx.event.BasicEventDispatcher.dispatchEvent(BasicEventDispatcher.java:56) ~[jfxrt.jar:na]
	at com.sun.javafx.event.EventDispatchChainImpl.dispatchEvent(EventDispatchChainImpl.java:114) ~[jfxrt.jar:na]
	at com.sun.javafx.event.BasicEventDispatcher.dispatchEvent(BasicEventDispatcher.java:56) ~[jfxrt.jar:na]
	at com.sun.javafx.event.EventDispatchChainImpl.dispatchEvent(EventDispatchChainImpl.java:114) ~[jfxrt.jar:na]
	at com.sun.javafx.event.BasicEventDispatcher.dispatchEvent(BasicEventDispatcher.java:56) ~[jfxrt.jar:na]
	at com.sun.javafx.event.EventDispatchChainImpl.dispatchEvent(EventDispatchChainImpl.java:114) ~[jfxrt.jar:na]
	at com.sun.javafx.event.BasicEventDispatcher.dispatchEvent(BasicEventDispatcher.java:56) ~[jfxrt.jar:na]
	at com.sun.javafx.event.EventDispatchChainImpl.dispatchEvent(EventDispatchChainImpl.java:114) ~[jfxrt.jar:na]
	at com.sun.javafx.event.BasicEventDispatcher.dispatchEvent(BasicEventDispatcher.java:56) ~[jfxrt.jar:na]
	at com.sun.javafx.event.EventDispatchChainImpl.dispatchEvent(EventDispatchChainImpl.java:114) ~[jfxrt.jar:na]
	at com.sun.javafx.event.EventUtil.fireEventImpl(EventUtil.java:74) ~[jfxrt.jar:na]
	at com.sun.javafx.event.EventUtil.fireEvent(EventUtil.java:54) ~[jfxrt.jar:na]
	at javafx.event.Event.fireEvent(Event.java:198) ~[jfxrt.jar:na]
	at javafx.scene.Scene$ClickGenerator.postProcess(Scene.java:3470) ~[jfxrt.jar:na]
	at javafx.scene.Scene$ClickGenerator.access$8100(Scene.java:3398) ~[jfxrt.jar:na]
	at javafx.scene.Scene$MouseHandler.process(Scene.java:3766) ~[jfxrt.jar:na]
	at javafx.scene.Scene$MouseHandler.access$1500(Scene.java:3485) ~[jfxrt.jar:na]
	at javafx.scene.Scene.impl_processMouseEvent(Scene.java:1762) ~[jfxrt.jar:na]
	at javafx.scene.Scene$ScenePeerListener.mouseEvent(Scene.java:2494) ~[jfxrt.jar:na]
	at com.sun.javafx.tk.quantum.GlassViewEventHandler$MouseEventNotification.run(GlassViewEventHandler.java:352) ~[jfxrt.jar:na]
	at com.sun.javafx.tk.quantum.GlassViewEventHandler$MouseEventNotification.run(GlassViewEventHandler.java:275) ~[jfxrt.jar:na]
	at java.security.AccessController.doPrivileged(Native Method) ~[na:1.8.0_60]
	at com.sun.javafx.tk.quantum.GlassViewEventHandler.lambda$handleMouseEvent$355(GlassViewEventHandler.java:388) ~[jfxrt.jar:na]
	at com.sun.javafx.tk.quantum.QuantumToolkit.runWithoutRenderLock(QuantumToolkit.java:389) ~[jfxrt.jar:na]
	at com.sun.javafx.tk.quantum.GlassViewEventHandler.handleMouseEvent(GlassViewEventHandler.java:387) ~[jfxrt.jar:na]
	at com.sun.glass.ui.View.handleMouseEvent(View.java:555) ~[jfxrt.jar:na]
	at com.sun.glass.ui.View.notifyMouse(View.java:937) ~[jfxrt.jar:na]
	at com.sun.glass.ui.win.WinApplication._runLoop(Native Method) ~[jfxrt.jar:na]
	at com.sun.glass.ui.win.WinApplication.lambda$null$149(WinApplication.java:191) ~[jfxrt.jar:na]
	at java.lang.Thread.run(Thread.java:745) ~[na:1.8.0_60]
[INFO] [12:19:33.907] [JavaFX Application Thread] [] com.zzg.mybatis.generator.util.ConnectionManager.getConnection:20 --> database FilePath :D:\JavaProject\transactionTest\transaction\.\config\sqlite3.db
[INFO] [12:19:37.642] [JavaFX Application Thread] [] com.zzg.mybatis.generator.util.ConfigHelper.getAllJDBCDriverJarPaths:238 --> jar lib path: D:\JavaProject\transactionTest\transaction\src\main\resources\lib
[INFO] [12:19:37.643] [JavaFX Application Thread] [] com.zzg.mybatis.generator.util.DbUtil.loadDbDriver:222 --> load driver class: com.mysql.jdbc.Driver@7b92a6dc
[INFO] [12:19:37.643] [JavaFX Application Thread] [] com.zzg.mybatis.generator.util.DbUtil.getConnectionUrlWithSchema:208 --> getConnectionUrlWithSchema, connection url: jdbc:mysql://127.0.0.1:3306/test?useUnicode=true&useSSL=false&characterEncoding=utf8
[INFO] [12:19:37.776] [JavaFX Application Thread] [] com.zzg.mybatis.generator.util.DbUtil.getConnection:133 --> getConnection, connection url: com.mysql.jdbc.JDBC4Connection@46a84562
[INFO] [12:23:39.221] [JavaFX Application Thread] [] com.zzg.mybatis.generator.util.ConfigHelper.findConnectorLibPath:215 --> jar resource: file:/D:/JavaProject/mybatis-generator-gui-master/target/classes/logback.xml
[INFO] [12:23:39.222] [JavaFX Application Thread] [] com.zzg.mybatis.generator.bridge.MybatisGeneratorBridge.generate:66 --> connectorLibPath: D:\JavaProject\mybatis-generator-gui-master\target\classes\lib\mysql-connector-java-5.1.38.jar
[INFO] [12:23:39.223] [JavaFX Application Thread] [] com.zzg.mybatis.generator.util.DbUtil.getConnectionUrlWithSchema:208 --> getConnectionUrlWithSchema, connection url: jdbc:mysql://127.0.0.1:3306/test?useUnicode=true&useSSL=false&characterEncoding=utf8
[DEBUG] [12:23:39.247] [JavaFX Application Thread] [] org.mybatis.generator.logging.LogFactory.setImplementation:105 --> Logging initialized using 'org.mybatis.generator.logging.slf4j.Slf4jLoggingLogFactory@761e5a15' adapter.
[DEBUG] [12:23:39.248] [JavaFX Application Thread] [] org.mybatis.generator.internal.db.DatabaseIntrospector.getColumns:506 --> Retrieving column information for table "test.user"
[DEBUG] [12:23:39.266] [JavaFX Application Thread] [] org.mybatis.generator.internal.db.DatabaseIntrospector.getColumns:563 --> Found column "id", data type 4, in table "test..user"
[DEBUG] [12:23:39.267] [JavaFX Application Thread] [] org.mybatis.generator.internal.db.DatabaseIntrospector.getColumns:563 --> Found column "user_name", data type 12, in table "test..user"
[DEBUG] [12:23:39.267] [JavaFX Application Thread] [] org.mybatis.generator.internal.db.DatabaseIntrospector.getColumns:563 --> Found column "age", data type 4, in table "test..user"
[INFO] [12:25:23.255] [JavaFX Application Thread] [] com.zzg.mybatis.generator.util.ConfigHelper.findConnectorLibPath:215 --> jar resource: file:/D:/JavaProject/mybatis-generator-gui-master/target/classes/logback.xml
[INFO] [12:25:23.256] [JavaFX Application Thread] [] com.zzg.mybatis.generator.bridge.MybatisGeneratorBridge.generate:66 --> connectorLibPath: D:\JavaProject\mybatis-generator-gui-master\target\classes\lib\mysql-connector-java-5.1.38.jar
[INFO] [12:25:23.256] [JavaFX Application Thread] [] com.zzg.mybatis.generator.util.DbUtil.getConnectionUrlWithSchema:208 --> getConnectionUrlWithSchema, connection url: jdbc:mysql://127.0.0.1:3306/test?useUnicode=true&useSSL=false&characterEncoding=utf8
[DEBUG] [12:25:23.261] [JavaFX Application Thread] [] org.mybatis.generator.internal.db.DatabaseIntrospector.getColumns:506 --> Retrieving column information for table "test.user"
[DEBUG] [12:25:23.265] [JavaFX Application Thread] [] org.mybatis.generator.internal.db.DatabaseIntrospector.getColumns:563 --> Found column "id", data type 4, in table "test..user"
[DEBUG] [12:25:23.265] [JavaFX Application Thread] [] org.mybatis.generator.internal.db.DatabaseIntrospector.getColumns:563 --> Found column "user_name", data type 12, in table "test..user"
[DEBUG] [12:25:23.265] [JavaFX Application Thread] [] org.mybatis.generator.internal.db.DatabaseIntrospector.getColumns:563 --> Found column "age", data type 4, in table "test..user"
